Arguments: 
  /usr/local/bin/node /usr/local/bin/yarn add dotenv

PATH: 
  /usr/local/sbin:/usr/local/bin:/usr/sbin:/usr/bin:/sbin:/bin:/usr/games:/usr/local/games:/snap/bin:/snap/bin

Yarn version: 
  1.22.19

Node version: 
  18.12.1

Platform: 
  linux x64

Trace: 
  Error: https://registry.yarnpkg.com/@aws-sdk%2fclient-s3: ETIMEDOUT
      at Timeout._onTimeout (/usr/local/lib/node_modules/yarn/lib/cli.js:141550:19)
      at listOnTimeout (node:internal/timers:564:17)
      at process.processTimers (node:internal/timers:507:7)

npm manifest: 
  {
    "name": "rentalx",
    "version": "1.0.0",
    "main": "index.js",
    "license": "MIT",
    "scripts": {
      "dev": "ts-node-dev -r tsconfig-paths/register --inspect --transpile-only --ignore-watch node_modules --respawn src/shared/infra/http/server.ts",
      "typeorm": "ts-node-dev -r tsconfig-paths/register ./node_modules/typeorm/cli",
      "test": "NODE_ENV=test jest --runInBand  --detectOpenHandles",
      "seed:admin": "ts-node-dev -r tsconfig-paths/register src/shared/infra/typeorm/seed/admin.ts"
    },
    "dependencies": {
      "@aws-sdk/client-s3": "^3.400.0",
      "@types/jsonwebtoken": "^9.0.0",
      "aws-sdk": "^2.1439.0",
      "bcrypt": "^5.1.0",
      "csv-parse": "^5.3.1",
      "dayjs": "^1.11.7",
      "express": "^4.18.1",
      "express-async-errors": "^3.1.1",
      "handlebars": "^4.7.7",
      "jest": "^29.3.1",
      "jsonwebtoken": "^9.0.0",
      "mime": "^3.0.0",
      "multer": "^1.4.5-lts.1",
      "nodemailer": "^6.9.4",
      "pg": "^8.8.0",
      "reflect-metadata": "^0.1.13",
      "supertest": "^6.3.3",
      "swagger-ui-express": "^4.5.0",
      "ts-node-dev": "^2.0.0",
      "tsyringe": "^4.7.0",
      "typeorm": "0.3.0",
      "uuid": "^8.3.2"
    },
    "devDependencies": {
      "@types/bcrypt": "^5.0.0",
      "@types/express": "^4.17.13",
      "@types/jest": "^29.2.5",
      "@types/mime": "^3.0.1",
      "@types/multer": "^1.4.7",
      "@types/nodemailer": "^6.4.9",
      "@types/supertest": "^2.0.12",
      "@types/swagger-ui-express": "^4.1.3",
      "@types/uuid": "^8.3.4",
      "@typescript-eslint/eslint-plugin": "^5.30.7",
      "@typescript-eslint/parser": "^5.30.7",
      "eslint": "^8.20.0",
      "eslint-config-airbnb-base": "^15.0.0",
      "eslint-config-prettier": "^8.5.0",
      "eslint-import-resolver-typescript": "^3.3.0",
      "eslint-plugin-import": "^2.26.0",
      "eslint-plugin-import-helpers": "^1.2.1",
      "eslint-plugin-prettier": "^4.2.1",
      "prettier": "^2.7.1",
      "ts-jest": "^29.0.5",
      "tsconfig-paths": "^4.1.2",
      "typescript": "^4.7.4"
    }
  }

yarn manifest: 
  No manifest

Lockfile: 
  No lockfile
